#
# A fatal error has been detected by the Java Runtime Environment:
#
#  Internal Error (generateOopMap.cpp:2165), pid=17376, tid=25444
#  fatal error: Illegal class file encountered. Try running with -Xverify:all in method main
#
# JRE version: Java(TM) SE Runtime Environment (21.0.5+9) (build 21.0.5+9-LTS-239)
# Java VM: Java HotSpot(TM) 64-Bit Server VM (21.0.5+9-LTS-239, mixed mode, sharing, tiered, compressed oops, compressed class ptrs, g1 gc, windows-amd64)
# No core dump will be written. Minidumps are not enabled by default on client versions of Windows
#
# If you would like to submit a bug report, please visit:
#   https://bugreport.java.com/bugreport/crash.jsp
#

---------------  S U M M A R Y ------------

Command Line: -Xverify:none Lista2

Host: 13th Gen Intel(R) Core(TM) i9-13900H, 20 cores, 15G,  Windows 11 , 64 bit Build 26100 (10.0.26100.8115)
Time: Wed Apr 15 08:30:38 2026 Hora est嫕dar, Am廨ica Central elapsed time: 0.039095 seconds (0d 0h 0m 0s)

---------------  T H R E A D  ---------------

Current thread (0x000002be808a24b0):  JavaThread "C1 CompilerThread3" daemon [_thread_in_vm, id=25444, stack(0x000000f634f00000,0x000000f635000000) (1024K)]


Current CompileTask:
C1:     39   82 %     3       Lista2::main @ 118 (2236 bytes)

Stack: [0x000000f634f00000,0x000000f635000000]
Native frames: (J=compiled Java code, j=interpreted, Vv=VM code, C=native code)
V  [jvm.dll+0x6ca289]
V  [jvm.dll+0x854a51]
V  [jvm.dll+0x856f7e]
V  [jvm.dll+0x27db11]
V  [jvm.dll+0x38d14c]
V  [jvm.dll+0x389584]
V  [jvm.dll+0x38b52d]
V  [jvm.dll+0x38bb8e]
V  [jvm.dll+0x389290]
V  [jvm.dll+0x38848f]
V  [jvm.dll+0x6b8572]
V  [jvm.dll+0x6b8243]
V  [jvm.dll+0x1f3ca7]
V  [jvm.dll+0x16339b]
V  [jvm.dll+0x15d278]
V  [jvm.dll+0x15719f]
V  [jvm.dll+0x166d16]
V  [jvm.dll+0x152a50]
V  [jvm.dll+0x152dd3]
V  [jvm.dll+0x1530a4]
V  [jvm.dll+0x1524d6]
V  [jvm.dll+0x1542ad]
V  [jvm.dll+0x2554d9]
V  [jvm.dll+0x253a6a]
V  [jvm.dll+0x3ee136]
V  [jvm.dll+0x7fee9b]
V  [jvm.dll+0x6c896d]
C  [ucrtbase.dll+0x37b0]
C  [KERNEL32.DLL+0x2e8d7]
C  [ntdll.dll+0x8c3fc]


---------------  P R O C E S S  ---------------

Threads class SMR info:
_java_thread_list=0x000002be808c0640, length=14, elements={
0x000002bee050f830, 0x000002be806133b0, 0x000002be80615a20, 0x000002be80616bf0,
0x000002be80617dc0, 0x000002be8061d680, 0x000002be8061ea30, 0x000002be8062ae40,
0x000002be80626ab0, 0x000002be808557a0, 0x000002be80859e50, 0x000002be808a24b0,
0x000002be8061f750, 0x000002be8061f0c0
}

Java Threads: ( => current thread )
  0x000002bee050f830 JavaThread "main"                              [_thread_in_Java, id=27192, stack(0x000000f633d00000,0x000000f633e00000) (1024K)]
  0x000002be806133b0 JavaThread "Reference Handler"          daemon [_thread_blocked, id=20440, stack(0x000000f634500000,0x000000f634600000) (1024K)]
  0x000002be80615a20 JavaThread "Finalizer"                  daemon [_thread_blocked, id=13240, stack(0x000000f634600000,0x000000f634700000) (1024K)]
  0x000002be80616bf0 JavaThread "Signal Dispatcher"          daemon [_thread_blocked, id=27100, stack(0x000000f634700000,0x000000f634800000) (1024K)]
  0x000002be80617dc0 JavaThread "Attach Listener"            daemon [_thread_blocked, id=31108, stack(0x000000f634800000,0x000000f634900000) (1024K)]
  0x000002be8061d680 JavaThread "Service Thread"             daemon [_thread_blocked, id=30196, stack(0x000000f634900000,0x000000f634a00000) (1024K)]
  0x000002be8061ea30 JavaThread "Monitor Deflation Thread"   daemon [_thread_blocked, id=2548, stack(0x000000f634a00000,0x000000f634b00000) (1024K)]
  0x000002be8062ae40 JavaThread "C2 CompilerThread0"         daemon [_thread_blocked, id=2224, stack(0x000000f634b00000,0x000000f634c00000) (1024K)]
  0x000002be80626ab0 JavaThread "C1 CompilerThread0"         daemon [_thread_blocked, id=1980, stack(0x000000f634c00000,0x000000f634d00000) (1024K)]
  0x000002be808557a0 JavaThread "C1 CompilerThread1"         daemon [_thread_blocked, id=20236, stack(0x000000f634d00000,0x000000f634e00000) (1024K)]
  0x000002be80859e50 JavaThread "C1 CompilerThread2"         daemon [_thread_blocked, id=18120, stack(0x000000f634e00000,0x000000f634f00000) (1024K)]
=>0x000002be808a24b0 JavaThread "C1 CompilerThread3"         daemon [_thread_in_vm, id=25444, stack(0x000000f634f00000,0x000000f635000000) (1024K)]
  0x000002be8061f750 JavaThread "Notification Thread"        daemon [_thread_blocked, id=30060, stack(0x000000f635000000,0x000000f635100000) (1024K)]
  0x000002be8061f0c0 JavaThread "Common-Cleaner"             daemon [_thread_blocked, id=23756, stack(0x000000f635100000,0x000000f635200000) (1024K)]
Total: 14

Other Threads:
  0x000002be805f5700 VMThread "VM Thread"                           [id=11944, stack(0x000000f634400000,0x000000f634500000) (1024K)]
  0x000002be805df460 WatcherThread "VM Periodic Task Thread"        [id=3772, stack(0x000000f634300000,0x000000f634400000) (1024K)]
  0x000002bee056e5f0 WorkerThread "GC Thread#0"                     [id=24624, stack(0x000000f633e00000,0x000000f633f00000) (1024K)]
  0x000002bee057f230 ConcurrentGCThread "G1 Main Marker"            [id=29480, stack(0x000000f633f00000,0x000000f634000000) (1024K)]
  0x000002bee0582270 WorkerThread "G1 Conc#0"                       [id=9688, stack(0x000000f634000000,0x000000f634100000) (1024K)]
  0x000002be804b2fe0 ConcurrentGCThread "G1 Refine#0"               [id=30168, stack(0x000000f634100000,0x000000f634200000) (1024K)]
  0x000002be804b3510 ConcurrentGCThread "G1 Service"                [id=364, stack(0x000000f634200000,0x000000f634300000) (1024K)]
Total: 7

Threads with active compile tasks:
C1 CompilerThread3       56   82 %     3       Lista2::main @ 118 (2236 bytes)
Total: 1

VM state: not at safepoint (normal execution)

VM Mutex/Monitor currently owned by a thread: None

Heap address: 0x0000000705c00000, size: 4004 MB, Compressed Oops mode: Zero based, Oop shift amount: 3

CDS archive(s) mapped at: [0x000002be81000000-0x000002be81c90000-0x000002be81c90000), size 13172736, SharedBaseAddress: 0x000002be81000000, ArchiveRelocationMode: 1.
Compressed class space mapped at: 0x000002be82000000-0x000002bec2000000, reserved size: 1073741824
Narrow klass base: 0x000002be81000000, Narrow klass shift: 0, Narrow klass range: 0x100000000

GC Precious Log:
 CardTable entry size: 512
 Card Set container configuration: InlinePtr #cards 4 size 8 Array Of Cards #cards 16 size 48 Howl #buckets 8 coarsen threshold 3686 Howl Bitmap #cards 512 size 80 coarsen threshold 460 Card regions per heap region 1 cards per card region 4096
 CPUs: 20 total, 20 available
 Memory: 16010M
 Large Page Support: Disabled
 NUMA Support: Disabled
 Compressed Oops: Enabled (Zero based)
 Heap Region Size: 2M
 Heap Min Capacity: 8M
 Heap Initial Capacity: 252M
 Heap Max Capacity: 4004M
 Pre-touch: Disabled
 Parallel Workers: 15
 Concurrent Workers: 4
 Concurrent Refinement Workers: 15
 Periodic GC: Disabled

Heap:
 garbage-first heap   total 258048K, used 2048K [0x0000000705c00000, 0x0000000800000000)
  region size 2048K, 2 young (4096K), 0 survivors (0K)
 Metaspace       used 185K, committed 384K, reserved 1114112K
  class space    used 5K, committed 128K, reserved 1048576K

Heap Regions: E=young(eden), S=young(survivor), O=old, HS=humongous(starts), HC=humongous(continues), CS=collection set, F=free, TAMS=top-at-mark-start, PB=parsable bottom
|   0|0x0000000705c00000, 0x0000000705c00000, 0x0000000705e00000|  0%| F|  |TAMS 0x0000000705c00000| PB 0x0000000705c00000| Untracked 
|   1|0x0000000705e00000, 0x0000000705e00000, 0x0000000706000000|  0%| F|  |TAMS 0x0000000705e00000| PB 0x0000000705e00000| Untracked 
|   2|0x0000000706000000, 0x0000000706000000, 0x0000000706200000|  0%| F|  |TAMS 0x0000000706000000| PB 0x0000000706000000| Untracked 
|   3|0x0000000706200000, 0x0000000706200000, 0x0000000706400000|  0%| F|  |TAMS 0x0000000706200000| PB 0x0000000706200000| Untracked 
|   4|0x0000000706400000, 0x0000000706400000, 0x0000000706600000|  0%| F|  |TAMS 0x0000000706400000| PB 0x0000000706400000| Untracked 
|   5|0x0000000706600000, 0x0000000706600000, 0x0000000706800000|  0%| F|  |TAMS 0x0000000706600000| PB 0x0000000706600000| Untracked 
|   6|0x0000000706800000, 0x0000000706800000, 0x0000000706a00000|  0%| F|  |TAMS 0x0000000706800000| PB 0x0000000706800000| Untracked 
|   7|0x0000000706a00000, 0x0000000706a00000, 0x0000000706c00000|  0%| F|  |TAMS 0x0000000706a00000| PB 0x0000000706a00000| Untracked 
|   8|0x0000000706c00000, 0x0000000706c00000, 0x0000000706e00000|  0%| F|  |TAMS 0x0000000706c00000| PB 0x0000000706c00000| Untracked 
|   9|0x0000000706e00000, 0x0000000706e00000, 0x0000000707000000|  0%| F|  |TAMS 0x0000000706e00000| PB 0x0000000706e00000| Untracked 
|  10|0x0000000707000000, 0x0000000707000000, 0x0000000707200000|  0%| F|  |TAMS 0x0000000707000000| PB 0x0000000707000000| Untracked 
|  11|0x0000000707200000, 0x0000000707200000, 0x0000000707400000|  0%| F|  |TAMS 0x0000000707200000| PB 0x0000000707200000| Untracked 
|  12|0x0000000707400000, 0x0000000707400000, 0x0000000707600000|  0%| F|  |TAMS 0x0000000707400000| PB 0x0000000707400000| Untracked 
|  13|0x0000000707600000, 0x0000000707600000, 0x0000000707800000|  0%| F|  |TAMS 0x0000000707600000| PB 0x0000000707600000| Untracked 
|  14|0x0000000707800000, 0x0000000707800000, 0x0000000707a00000|  0%| F|  |TAMS 0x0000000707800000| PB 0x0000000707800000| Untracked 
|  15|0x0000000707a00000, 0x0000000707a00000, 0x0000000707c00000|  0%| F|  |TAMS 0x0000000707a00000| PB 0x0000000707a00000| Untracked 
|  16|0x0000000707c00000, 0x0000000707c00000, 0x0000000707e00000|  0%| F|  |TAMS 0x0000000707c00000| PB 0x0000000707c00000| Untracked 
|  17|0x0000000707e00000, 0x0000000707e00000, 0x0000000708000000|  0%| F|  |TAMS 0x0000000707e00000| PB 0x0000000707e00000| Untracked 
|  18|0x0000000708000000, 0x0000000708000000, 0x0000000708200000|  0%| F|  |TAMS 0x0000000708000000| PB 0x0000000708000000| Untracked 
|  19|0x0000000708200000, 0x0000000708200000, 0x0000000708400000|  0%| F|  |TAMS 0x0000000708200000| PB 0x0000000708200000| Untracked 
|  20|0x0000000708400000, 0x0000000708400000, 0x0000000708600000|  0%| F|  |TAMS 0x0000000708400000| PB 0x0000000708400000| Untracked 
|  21|0x0000000708600000, 0x0000000708600000, 0x0000000708800000|  0%| F|  |TAMS 0x0000000708600000| PB 0x0000000708600000| Untracked 
|  22|0x0000000708800000, 0x0000000708800000, 0x0000000708a00000|  0%| F|  |TAMS 0x0000000708800000| PB 0x0000000708800000| Untracked 
|  23|0x0000000708a00000, 0x0000000708a00000, 0x0000000708c00000|  0%| F|  |TAMS 0x0000000708a00000| PB 0x0000000708a00000| Untracked 
|  24|0x0000000708c00000, 0x0000000708c00000, 0x0000000708e00000|  0%| F|  |TAMS 0x0000000708c00000| PB 0x0000000708c00000| Untracked 
|  25|0x0000000708e00000, 0x0000000708e00000, 0x0000000709000000|  0%| F|  |TAMS 0x0000000708e00000| PB 0x0000000708e00000| Untracked 
|  26|0x0000000709000000, 0x0000000709000000, 0x0000000709200000|  0%| F|  |TAMS 0x0000000709000000| PB 0x0000000709000000| Untracked 
|  27|0x0000000709200000, 0x0000000709200000, 0x0000000709400000|  0%| F|  |TAMS 0x0000000709200000| PB 0x0000000709200000| Untracked 
|  28|0x0000000709400000, 0x0000000709400000, 0x0000000709600000|  0%| F|  |TAMS 0x0000000709400000| PB 0x0000000709400000| Untracked 
|  29|0x0000000709600000, 0x0000000709600000, 0x0000000709800000|  0%| F|  |TAMS 0x0000000709600000| PB 0x0000000709600000| Untracked 
|  30|0x0000000709800000, 0x0000000709800000, 0x0000000709a00000|  0%| F|  |TAMS 0x0000000709800000| PB 0x0000000709800000| Untracked 
|  31|0x0000000709a00000, 0x0000000709a00000, 0x0000000709c00000|  0%| F|  |TAMS 0x0000000709a00000| PB 0x0000000709a00000| Untracked 
|  32|0x0000000709c00000, 0x0000000709c00000, 0x0000000709e00000|  0%| F|  |TAMS 0x0000000709c00000| PB 0x0000000709c00000| Untracked 
|  33|0x0000000709e00000, 0x0000000709e00000, 0x000000070a000000|  0%| F|  |TAMS 0x0000000709e00000| PB 0x0000000709e00000| Untracked 
|  34|0x000000070a000000, 0x000000070a000000, 0x000000070a200000|  0%| F|  |TAMS 0x000000070a000000| PB 0x000000070a000000| Untracked 
|  35|0x000000070a200000, 0x000000070a200000, 0x000000070a400000|  0%| F|  |TAMS 0x000000070a200000| PB 0x000000070a200000| Untracked 
|  36|0x000000070a400000, 0x000000070a400000, 0x000000070a600000|  0%| F|  |TAMS 0x000000070a400000| PB 0x000000070a400000| Untracked 
|  37|0x000000070a600000, 0x000000070a600000, 0x000000070a800000|  0%| F|  |TAMS 0x000000070a600000| PB 0x000000070a600000| Untracked 
|  38|0x000000070a800000, 0x000000070a800000, 0x000000070aa00000|  0%| F|  |TAMS 0x000000070a800000| PB 0x000000070a800000| Untracked 
|  39|0x000000070aa00000, 0x000000070aa00000, 0x000000070ac00000|  0%| F|  |TAMS 0x000000070aa00000| PB 0x000000070aa00000| Untracked 
|  40|0x000000070ac00000, 0x000000070ac00000, 0x000000070ae00000|  0%| F|  |TAMS 0x000000070ac00000| PB 0x000000070ac00000| Untracked 
|  41|0x000000070ae00000, 0x000000070ae00000, 0x000000070b000000|  0%| F|  |TAMS 0x000000070ae00000| PB 0x000000070ae00000| Untracked 
|  42|0x000000070b000000, 0x000000070b000000, 0x000000070b200000|  0%| F|  |TAMS 0x000000070b000000| PB 0x000000070b000000| Untracked 
|  43|0x000000070b200000, 0x000000070b200000, 0x000000070b400000|  0%| F|  |TAMS 0x000000070b200000| PB 0x000000070b200000| Untracked 
|  44|0x000000070b400000, 0x000000070b400000, 0x000000070b600000|  0%| F|  |TAMS 0x000000070b400000| PB 0x000000070b400000| Untracked 
|  45|0x000000070b600000, 0x000000070b600000, 0x000000070b800000|  0%| F|  |TAMS 0x000000070b600000| PB 0x000000070b600000| Untracked 
|  46|0x000000070b800000, 0x000000070b800000, 0x000000070ba00000|  0%| F|  |TAMS 0x000000070b800000| PB 0x000000070b800000| Untracked 
|  47|0x000000070ba00000, 0x000000070ba00000, 0x000000070bc00000|  0%| F|  |TAMS 0x000000070ba00000| PB 0x000000070ba00000| Untracked 
|  48|0x000000070bc00000, 0x000000070bc00000, 0x000000070be00000|  0%| F|  |TAMS 0x000000070bc00000| PB 0x000000070bc00000| Untracked 
|  49|0x000000070be00000, 0x000000070be00000, 0x000000070c000000|  0%| F|  |TAMS 0x000000070be00000| PB 0x000000070be00000| Untracked 
|  50|0x000000070c000000, 0x000000070c000000, 0x000000070c200000|  0%| F|  |TAMS 0x000000070c000000| PB 0x000000070c000000| Untracked 
|  51|0x000000070c200000, 0x000000070c200000, 0x000000070c400000|  0%| F|  |TAMS 0x000000070c200000| PB 0x000000070c200000| Untracked 
|  52|0x000000070c400000, 0x000000070c400000, 0x000000070c600000|  0%| F|  |TAMS 0x000000070c400000| PB 0x000000070c400000| Untracked 
|  53|0x000000070c600000, 0x000000070c600000, 0x000000070c800000|  0%| F|  |TAMS 0x000000070c600000| PB 0x000000070c600000| Untracked 
|  54|0x000000070c800000, 0x000000070c800000, 0x000000070ca00000|  0%| F|  |TAMS 0x000000070c800000| PB 0x000000070c800000| Untracked 
|  55|0x000000070ca00000, 0x000000070ca00000, 0x000000070cc00000|  0%| F|  |TAMS 0x000000070ca00000| PB 0x000000070ca00000| Untracked 
|  56|0x000000070cc00000, 0x000000070cc00000, 0x000000070ce00000|  0%| F|  |TAMS 0x000000070cc00000| PB 0x000000070cc00000| Untracked 
|  57|0x000000070ce00000, 0x000000070ce00000, 0x000000070d000000|  0%| F|  |TAMS 0x000000070ce00000| PB 0x000000070ce00000| Untracked 
|  58|0x000000070d000000, 0x000000070d000000, 0x000000070d200000|  0%| F|  |TAMS 0x000000070d000000| PB 0x000000070d000000| Untracked 
|  59|0x000000070d200000, 0x000000070d200000, 0x000000070d400000|  0%| F|  |TAMS 0x000000070d200000| PB 0x000000070d200000| Untracked 
|  60|0x000000070d400000, 0x000000070d400000, 0x000000070d600000|  0%| F|  |TAMS 0x000000070d400000| PB 0x000000070d400000| Untracked 
|  61|0x000000070d600000, 0x000000070d600000, 0x000000070d800000|  0%| F|  |TAMS 0x000000070d600000| PB 0x000000070d600000| Untracked 
|  62|0x000000070d800000, 0x000000070d800000, 0x000000070da00000|  0%| F|  |TAMS 0x000000070d800000| PB 0x000000070d800000| Untracked 
|  63|0x000000070da00000, 0x000000070da00000, 0x000000070dc00000|  0%| F|  |TAMS 0x000000070da00000| PB 0x000000070da00000| Untracked 
|  64|0x000000070dc00000, 0x000000070dc00000, 0x000000070de00000|  0%| F|  |TAMS 0x000000070dc00000| PB 0x000000070dc00000| Untracked 
|  65|0x000000070de00000, 0x000000070de00000, 0x000000070e000000|  0%| F|  |TAMS 0x000000070de00000| PB 0x000000070de00000| Untracked 
|  66|0x000000070e000000, 0x000000070e000000, 0x000000070e200000|  0%| F|  |TAMS 0x000000070e000000| PB 0x000000070e000000| Untracked 
|  67|0x000000070e200000, 0x000000070e200000, 0x000000070e400000|  0%| F|  |TAMS 0x000000070e200000| PB 0x000000070e200000| Untracked 
|  68|0x000000070e400000, 0x000000070e400000, 0x000000070e600000|  0%| F|  |TAMS 0x000000070e400000| PB 0x000000070e400000| Untracked 
|  69|0x000000070e600000, 0x000000070e600000, 0x000000070e800000|  0%| F|  |TAMS 0x000000070e600000| PB 0x000000070e600000| Untracked 
|  70|0x000000070e800000, 0x000000070e800000, 0x000000070ea00000|  0%| F|  |TAMS 0x000000070e800000| PB 0x000000070e800000| Untracked 
|  71|0x000000070ea00000, 0x000000070ea00000, 0x000000070ec00000|  0%| F|  |TAMS 0x000000070ea00000| PB 0x000000070ea00000| Untracked 
|  72|0x000000070ec00000, 0x000000070ec00000, 0x000000070ee00000|  0%| F|  |TAMS 0x000000070ec00000| PB 0x000000070ec00000| Untracked 
|  73|0x000000070ee00000, 0x000000070ee00000, 0x000000070f000000|  0%| F|  |TAMS 0x000000070ee00000| PB 0x000000070ee00000| Untracked 
|  74|0x000000070f000000, 0x000000070f000000, 0x000000070f200000|  0%| F|  |TAMS 0x000000070f000000| PB 0x000000070f000000| Untracked 
|  75|0x000000070f200000, 0x000000070f200000, 0x000000070f400000|  0%| F|  |TAMS 0x000000070f200000| PB 0x000000070f200000| Untracked 
|  76|0x000000070f400000, 0x000000070f400000, 0x000000070f600000|  0%| F|  |TAMS 0x000000070f400000| PB 0x000000070f400000| Untracked 
|  77|0x000000070f600000, 0x000000070f600000, 0x000000070f800000|  0%| F|  |TAMS 0x000000070f600000| PB 0x000000070f600000| Untracked 
|  78|0x000000070f800000, 0x000000070f800000, 0x000000070fa00000|  0%| F|  |TAMS 0x000000070f800000| PB 0x000000070f800000| Untracked 
|  79|0x000000070fa00000, 0x000000070fa00000, 0x000000070fc00000|  0%| F|  |TAMS 0x000000070fa00000| PB 0x000000070fa00000| Untracked 
|  80|0x000000070fc00000, 0x000000070fc00000, 0x000000070fe00000|  0%| F|  |TAMS 0x000000070fc00000| PB 0x000000070fc00000| Untracked 
|  81|0x000000070fe00000, 0x000000070fe00000, 0x0000000710000000|  0%| F|  |TAMS 0x000000070fe00000| PB 0x000000070fe00000| Untracked 
|  82|0x0000000710000000, 0x0000000710000000, 0x0000000710200000|  0%| F|  |TAMS 0x0000000710000000| PB 0x0000000710000000| Untracked 
|  83|0x0000000710200000, 0x0000000710200000, 0x0000000710400000|  0%| F|  |TAMS 0x0000000710200000| PB 0x0000000710200000| Untracked 
|  84|0x0000000710400000, 0x0000000710400000, 0x0000000710600000|  0%| F|  |TAMS 0x0000000710400000| PB 0x0000000710400000| Untracked 
|  85|0x0000000710600000, 0x0000000710600000, 0x0000000710800000|  0%| F|  |TAMS 0x0000000710600000| PB 0x0000000710600000| Untracked 
|  86|0x0000000710800000, 0x0000000710800000, 0x0000000710a00000|  0%| F|  |TAMS 0x0000000710800000| PB 0x0000000710800000| Untracked 
|  87|0x0000000710a00000, 0x0000000710a00000, 0x0000000710c00000|  0%| F|  |TAMS 0x0000000710a00000| PB 0x0000000710a00000| Untracked 
|  88|0x0000000710c00000, 0x0000000710c00000, 0x0000000710e00000|  0%| F|  |TAMS 0x0000000710c00000| PB 0x0000000710c00000| Untracked 
|  89|0x0000000710e00000, 0x0000000710e00000, 0x0000000711000000|  0%| F|  |TAMS 0x0000000710e00000| PB 0x0000000710e00000| Untracked 
|  90|0x0000000711000000, 0x0000000711000000, 0x0000000711200000|  0%| F|  |TAMS 0x0000000711000000| PB 0x0000000711000000| Untracked 
|  91|0x0000000711200000, 0x0000000711200000, 0x0000000711400000|  0%| F|  |TAMS 0x0000000711200000| PB 0x0000000711200000| Untracked 
|  92|0x0000000711400000, 0x0000000711400000, 0x0000000711600000|  0%| F|  |TAMS 0x0000000711400000| PB 0x0000000711400000| Untracked 
|  93|0x0000000711600000, 0x0000000711600000, 0x0000000711800000|  0%| F|  |TAMS 0x0000000711600000| PB 0x0000000711600000| Untracked 
|  94|0x0000000711800000, 0x0000000711800000, 0x0000000711a00000|  0%| F|  |TAMS 0x0000000711800000| PB 0x0000000711800000| Untracked 
|  95|0x0000000711a00000, 0x0000000711a00000, 0x0000000711c00000|  0%| F|  |TAMS 0x0000000711a00000| PB 0x0000000711a00000| Untracked 
|  96|0x0000000711c00000, 0x0000000711c00000, 0x0000000711e00000|  0%| F|  |TAMS 0x0000000711c00000| PB 0x0000000711c00000| Untracked 
|  97|0x0000000711e00000, 0x0000000711e00000, 0x0000000712000000|  0%| F|  |TAMS 0x0000000711e00000| PB 0x0000000711e00000| Untracked 
|  98|0x0000000712000000, 0x0000000712000000, 0x0000000712200000|  0%| F|  |TAMS 0x0000000712000000| PB 0x0000000712000000| Untracked 
|  99|0x0000000712200000, 0x0000000712200000, 0x0000000712400000|  0%| F|  |TAMS 0x0000000712200000| PB 0x0000000712200000| Untracked 
| 100|0x0000000712400000, 0x0000000712400000, 0x0000000712600000|  0%| F|  |TAMS 0x0000000712400000| PB 0x0000000712400000| Untracked 
| 101|0x0000000712600000, 0x0000000712600000, 0x0000000712800000|  0%| F|  |TAMS 0x0000000712600000| PB 0x0000000712600000| Untracked 
| 102|0x0000000712800000, 0x0000000712800000, 0x0000000712a00000|  0%| F|  |TAMS 0x0000000712800000| PB 0x0000000712800000| Untracked 
| 103|0x0000000712a00000, 0x0000000712a00000, 0x0000000712c00000|  0%| F|  |TAMS 0x0000000712a00000| PB 0x0000000712a00000| Untracked 
| 104|0x0000000712c00000, 0x0000000712c00000, 0x0000000712e00000|  0%| F|  |TAMS 0x0000000712c00000| PB 0x0000000712c00000| Untracked 
| 105|0x0000000712e00000, 0x0000000712e00000, 0x0000000713000000|  0%| F|  |TAMS 0x0000000712e00000| PB 0x0000000712e00000| Untracked 
| 106|0x0000000713000000, 0x0000000713000000, 0x0000000713200000|  0%| F|  |TAMS 0x0000000713000000| PB 0x0000000713000000| Untracked 
| 107|0x0000000713200000, 0x0000000713200000, 0x0000000713400000|  0%| F|  |TAMS 0x0000000713200000| PB 0x0000000713200000| Untracked 
| 108|0x0000000713400000, 0x0000000713400000, 0x0000000713600000|  0%| F|  |TAMS 0x0000000713400000| PB 0x0000000713400000| Untracked 
| 109|0x0000000713600000, 0x0000000713600000, 0x0000000713800000|  0%| F|  |TAMS 0x0000000713600000| PB 0x0000000713600000| Untracked 
| 110|0x0000000713800000, 0x0000000713800000, 0x0000000713a00000|  0%| F|  |TAMS 0x0000000713800000| PB 0x0000000713800000| Untracked 
| 111|0x0000000713a00000, 0x0000000713a00000, 0x0000000713c00000|  0%| F|  |TAMS 0x0000000713a00000| PB 0x0000000713a00000| Untracked 
| 112|0x0000000713c00000, 0x0000000713c00000, 0x0000000713e00000|  0%| F|  |TAMS 0x0000000713c00000| PB 0x0000000713c00000| Untracked 
| 113|0x0000000713e00000, 0x0000000713e00000, 0x0000000714000000|  0%| F|  |TAMS 0x0000000713e00000| PB 0x0000000713e00000| Untracked 
| 114|0x0000000714000000, 0x0000000714000000, 0x0000000714200000|  0%| F|  |TAMS 0x0000000714000000| PB 0x0000000714000000| Untracked 
| 115|0x0000000714200000, 0x0000000714200000, 0x0000000714400000|  0%| F|  |TAMS 0x0000000714200000| PB 0x0000000714200000| Untracked 
| 116|0x0000000714400000, 0x0000000714400000, 0x0000000714600000|  0%| F|  |TAMS 0x0000000714400000| PB 0x0000000714400000| Untracked 
| 117|0x0000000714600000, 0x0000000714600000, 0x0000000714800000|  0%| F|  |TAMS 0x0000000714600000| PB 0x0000000714600000| Untracked 
| 118|0x0000000714800000, 0x0000000714800000, 0x0000000714a00000|  0%| F|  |TAMS 0x0000000714800000| PB 0x0000000714800000| Untracked 
| 119|0x0000000714a00000, 0x0000000714a00000, 0x0000000714c00000|  0%| F|  |TAMS 0x0000000714a00000| PB 0x0000000714a00000| Untracked 
| 120|0x0000000714c00000, 0x0000000714c00000, 0x0000000714e00000|  0%| F|  |TAMS 0x0000000714c00000| PB 0x0000000714c00000| Untracked 
| 121|0x0000000714e00000, 0x0000000714e00000, 0x0000000715000000|  0%| F|  |TAMS 0x0000000714e00000| PB 0x0000000714e00000| Untracked 
| 122|0x0000000715000000, 0x0000000715000000, 0x0000000715200000|  0%| F|  |TAMS 0x0000000715000000| PB 0x0000000715000000| Untracked 
| 123|0x0000000715200000, 0x0000000715200000, 0x0000000715400000|  0%| F|  |TAMS 0x0000000715200000| PB 0x0000000715200000| Untracked 
| 124|0x0000000715400000, 0x00000007154e1da8, 0x0000000715600000| 44%| E|  |TAMS 0x0000000715400000| PB 0x0000000715400000| Complete 
| 125|0x0000000715600000, 0x0000000715800000, 0x0000000715800000|100%| E|CS|TAMS 0x0000000715600000| PB 0x0000000715600000| Complete 

Card table byte_map: [0x000002bef8c10000,0x000002bef93f0000] _byte_map_base: 0x000002bef53e2000

Marking Bits: (CMBitMap*) 0x000002bee056ec00
 Bits: [0x000002bef93f0000, 0x000002befd280000)

Polling page: 0x000002bede4e0000

Metaspace:

Usage:
  Non-class:    179.98 KB used.
      Class:      5.75 KB used.
       Both:    185.73 KB used.

Virtual space:
  Non-class space:       64.00 MB reserved,     256.00 KB ( <1%) committed,  1 nodes.
      Class space:        1.00 GB reserved,     128.00 KB ( <1%) committed,  1 nodes.
             Both:        1.06 GB reserved,     384.00 KB ( <1%) committed. 

Chunk freelists:
   Non-Class:  11.96 MB
       Class:  15.75 MB
        Both:  27.71 MB

MaxMetaspaceSize: unlimited
CompressedClassSpaceSize: 1.00 GB
Initial GC threshold: 21.00 MB
Current GC threshold: 21.00 MB
CDS: on
 - commit_granule_bytes: 65536.
 - commit_granule_words: 8192.
 - virtual_space_node_default_size: 8388608.
 - enlarge_chunks_in_place: 1.
 - use_allocation_guard: 0.


Internal statistics:

num_allocs_failed_limit: 0.
num_arena_births: 4.
num_arena_deaths: 0.
num_vsnodes_births: 2.
num_vsnodes_deaths: 0.
num_space_committed: 6.
num_space_uncommitted: 0.
num_chunks_returned_to_freelist: 0.
num_chunks_taken_from_freelist: 6.
num_chunk_merges: 0.
num_chunk_splits: 3.
num_chunks_enlarged: 1.
num_inconsistent_stats: 0.

CodeHeap 'non-profiled nmethods': size=119168Kb used=17Kb max_used=17Kb free=119150Kb
 bounds [0x000002bef0530000, 0x000002bef07a0000, 0x000002bef7990000]
CodeHeap 'profiled nmethods': size=119104Kb used=98Kb max_used=98Kb free=119005Kb
 bounds [0x000002bee8990000, 0x000002bee8c00000, 0x000002beefde0000]
CodeHeap 'non-nmethods': size=7488Kb used=2863Kb max_used=2877Kb free=4624Kb
 bounds [0x000002beefde0000, 0x000002bef00b0000, 0x000002bef0530000]
 total_blobs=390 nmethods=81 adapters=211
 compilation: enabled
              stopped_count=0, restarted_count=0
 full_count=0

Compilation events (20 events):
Event: 0.032 Thread 0x000002be808a24b0 nmethod 72 0x000002bef0533d90 code [0x000002bef0533f20, 0x000002bef0533fe8]
Event: 0.033 Thread 0x000002be808557a0   75       3       java.lang.StringUTF16::getChar (60 bytes)
Event: 0.033 Thread 0x000002be808557a0 nmethod 75 0x000002bee89a6610 code [0x000002bee89a67a0, 0x000002bee89a6910]
Event: 0.033 Thread 0x000002be8062ae40   46       4       jdk.internal.util.ArraysSupport::signedHashCode (37 bytes)
Event: 0.033 Thread 0x000002be80626ab0   76       3       java.lang.AbstractStringBuilder::ensureCapacityInternal (39 bytes)
Event: 0.033 Thread 0x000002be80626ab0 nmethod 76 0x000002bee89a6a10 code [0x000002bee89a6bc0, 0x000002bee89a6e00]
Event: 0.033 Thread 0x000002be808557a0   77       3       java.lang.AbstractStringBuilder::isLatin1 (19 bytes)
Event: 0.033 Thread 0x000002be80626ab0   78       3       java.lang.StringLatin1::canEncode (13 bytes)
Event: 0.033 Thread 0x000002be808a24b0   79       3       java.lang.StringBuilder::append (8 bytes)
Event: 0.033 Thread 0x000002be80859e50   80       3       java.lang.AbstractStringBuilder::append (77 bytes)
Event: 0.033 Thread 0x000002be80626ab0 nmethod 78 0x000002bee89a6f10 code [0x000002bee89a70a0, 0x000002bee89a71e8]
Event: 0.033 Thread 0x000002be808557a0 nmethod 77 0x000002bee89a7290 code [0x000002bee89a7420, 0x000002bee89a7598]
Event: 0.033 Thread 0x000002be808a24b0 nmethod 79 0x000002bee89a7610 code [0x000002bee89a77c0, 0x000002bee89a7910]
Event: 0.034 Thread 0x000002be80859e50 nmethod 80 0x000002bee89a7990 code [0x000002bee89a7ba0, 0x000002bee89a8288]
Event: 0.034 Thread 0x000002be808a24b0   81       3       java.lang.String::isEmpty (14 bytes)
Event: 0.034 Thread 0x000002be808a24b0 nmethod 81 0x000002bee89a8510 code [0x000002bee89a86a0, 0x000002bee89a8810]
Event: 0.035 Thread 0x000002be8062ae40 nmethod 46 0x000002bef0534090 code [0x000002bef0534200, 0x000002bef05343b8]
Event: 0.035 Thread 0x000002be8062ae40   73       4       java.lang.Object::<init> (1 bytes)
Event: 0.035 Thread 0x000002be8062ae40 nmethod 73 0x000002bef0534490 code [0x000002bef0534600, 0x000002bef0534688]
Event: 0.036 Thread 0x000002be808a24b0   82 %     3       Lista2::main @ 118 (2236 bytes)

GC Heap History (0 events):
No events

Dll operation events (2 events):
Event: 0.006 Loaded shared library C:\Program Files\Java\jdk-21\bin\java.dll
Event: 0.025 Loaded shared library C:\Program Files\Java\jdk-21\bin\jsvml.dll

Deoptimization events (0 events):
No events

Classes loaded (10 events):
Event: 0.023 Loading class sun/nio/cs/IBM850
Event: 0.023 Loading class sun/nio/cs/IBM850 done
Event: 0.023 Loading class sun/nio/cs/IBM850$Holder
Event: 0.023 Loading class sun/nio/cs/IBM850$Holder done
Event: 0.033 Loading class jdk/internal/loader/URLClassPath$FileLoader
Event: 0.033 Loading class jdk/internal/loader/URLClassPath$FileLoader done
Event: 0.033 Loading class sun/nio/cs/UTF_8$Decoder
Event: 0.033 Loading class sun/nio/cs/UTF_8$Decoder done
Event: 0.034 Loading class jdk/internal/loader/URLClassPath$FileLoader$1
Event: 0.034 Loading class jdk/internal/loader/URLClassPath$FileLoader$1 done

Classes unloaded (0 events):
No events

Classes redefined (0 events):
No events

Internal exceptions (0 events):
No events

ZGC Phase Switch (0 events):
No events

VM Operations (0 events):
No events

Events (14 events):
Event: 0.015 Thread 0x000002bee050f830 Thread added: 0x000002bee050f830
Event: 0.024 Thread 0x000002be806133b0 Thread added: 0x000002be806133b0
Event: 0.024 Thread 0x000002be80615a20 Thread added: 0x000002be80615a20
Event: 0.024 Thread 0x000002be80616bf0 Thread added: 0x000002be80616bf0
Event: 0.024 Thread 0x000002be80617dc0 Thread added: 0x000002be80617dc0
Event: 0.024 Thread 0x000002be8061d680 Thread added: 0x000002be8061d680
Event: 0.024 Thread 0x000002be8061ea30 Thread added: 0x000002be8061ea30
Event: 0.024 Thread 0x000002be8062ae40 Thread added: 0x000002be8062ae40
Event: 0.024 Thread 0x000002be80626ab0 Thread added: 0x000002be80626ab0
Event: 0.026 Thread 0x000002be808557a0 Thread added: 0x000002be808557a0
Event: 0.026 Thread 0x000002be80859e50 Thread added: 0x000002be80859e50
Event: 0.028 Thread 0x000002be808a24b0 Thread added: 0x000002be808a24b0
Event: 0.032 Thread 0x000002be8061f750 Thread added: 0x000002be8061f750
Event: 0.035 Thread 0x000002be8061f0c0 Thread added: 0x000002be8061f0c0


Dynamic libraries:
0x00007ff7653d0000 - 0x00007ff7653e0000 	C:\Program Files\Java\jdk-21\bin\java.exe
0x00007ffcd0b00000 - 0x00007ffcd0d67000 	C:\WINDOWS\SYSTEM32\ntdll.dll
0x00007ffccf2a0000 - 0x00007ffccf369000 	C:\WINDOWS\System32\KERNEL32.DLL
0x00007ffccd7f0000 - 0x00007ffccdbe4000 	C:\WINDOWS\System32\KERNELBASE.dll
0x00007ffccdbf0000 - 0x00007ffccdd3b000 	C:\WINDOWS\System32\ucrtbase.dll
0x00007ffcc4980000 - 0x00007ffcc4999000 	C:\Program Files\Java\jdk-21\bin\jli.dll
0x00007ffcc4150000 - 0x00007ffcc416b000 	C:\Program Files\Java\jdk-21\bin\VCRUNTIME140.dll
0x00007ffccf0c0000 - 0x00007ffccf176000 	C:\WINDOWS\System32\ADVAPI32.dll
0x00007ffcceef0000 - 0x00007ffccef99000 	C:\WINDOWS\System32\msvcrt.dll
0x00007ffcceb60000 - 0x00007ffccec07000 	C:\WINDOWS\System32\sechost.dll
0x00007ffccefa0000 - 0x00007ffccf0b8000 	C:\WINDOWS\System32\RPCRT4.dll
0x00007ffccfe20000 - 0x00007ffccffe5000 	C:\WINDOWS\System32\USER32.dll
0x00007ffcbc910000 - 0x00007ffcbcba3000 	C:\WINDOWS\WinSxS\amd64_microsoft.windows.common-controls_6595b64144ccf1df_6.0.26100.8115_none_3e075c82e3354f9c\COMCTL32.dll
0x00007ffcce640000 - 0x00007ffcce667000 	C:\WINDOWS\System32\win32u.dll
0x00007ffcceec0000 - 0x00007ffcceeeb000 	C:\WINDOWS\System32\GDI32.dll
0x00007ffccd3d0000 - 0x00007ffccd4fa000 	C:\WINDOWS\System32\gdi32full.dll
0x00007ffcce7e0000 - 0x00007ffcce883000 	C:\WINDOWS\System32\msvcp_win.dll
0x00007ffcc4c10000 - 0x00007ffcc4c1b000 	C:\WINDOWS\SYSTEM32\VERSION.dll
0x00007ffccfd20000 - 0x00007ffccfd52000 	C:\WINDOWS\System32\IMM32.DLL
0x00007ffcc6350000 - 0x00007ffcc635c000 	C:\Program Files\Java\jdk-21\bin\vcruntime140_1.dll
0x00007ffcc3d40000 - 0x00007ffcc3dce000 	C:\Program Files\Java\jdk-21\bin\msvcp140.dll
0x00007ffbf9d30000 - 0x00007ffbfaa48000 	C:\Program Files\Java\jdk-21\bin\server\jvm.dll
0x00007ffcce8e0000 - 0x00007ffcce960000 	C:\WINDOWS\System32\WS2_32.dll
0x00007ffcccfc0000 - 0x00007ffccd01e000 	C:\WINDOWS\SYSTEM32\POWRPROF.dll
0x00007ffcbff30000 - 0x00007ffcbff66000 	C:\WINDOWS\SYSTEM32\WINMM.dll
0x00007ffcccfa0000 - 0x00007ffcccfb4000 	C:\WINDOWS\SYSTEM32\UMPDC.dll
0x00007ffccc130000 - 0x00007ffccc14b000 	C:\WINDOWS\SYSTEM32\kernel.appcore.dll
0x00007ffcc4890000 - 0x00007ffcc489a000 	C:\Program Files\Java\jdk-21\bin\jimage.dll
0x00007ffccb390000 - 0x00007ffccb5d2000 	C:\WINDOWS\SYSTEM32\DBGHELP.DLL
0x00007ffccf3d0000 - 0x00007ffccf752000 	C:\WINDOWS\System32\combase.dll
0x00007ffcd0150000 - 0x00007ffcd0227000 	C:\WINDOWS\System32\OLEAUT32.dll
0x00007ffca0e60000 - 0x00007ffca0e9b000 	C:\WINDOWS\SYSTEM32\dbgcore.DLL
0x00007ffccd500000 - 0x00007ffccd5a5000 	C:\WINDOWS\System32\bcryptPrimitives.dll
0x00007ffcc3b40000 - 0x00007ffcc3b5f000 	C:\Program Files\Java\jdk-21\bin\java.dll
0x00007ffcd02c0000 - 0x00007ffcd0a26000 	C:\WINDOWS\System32\SHELL32.dll
0x00007ffcce670000 - 0x00007ffcce7da000 	C:\WINDOWS\System32\wintypes.dll
0x00007ffccdd40000 - 0x00007ffcce5a5000 	C:\WINDOWS\System32\windows.storage.dll
0x00007ffccfbf0000 - 0x00007ffccfce7000 	C:\WINDOWS\System32\SHCORE.dll
0x00007ffccedc0000 - 0x00007ffccee26000 	C:\WINDOWS\System32\shlwapi.dll
0x00007ffccd2f0000 - 0x00007ffccd319000 	C:\WINDOWS\SYSTEM32\profapi.dll
0x00007ffc95eb0000 - 0x00007ffc95f87000 	C:\Program Files\Java\jdk-21\bin\jsvml.dll

dbghelp: loaded successfully - version: 4.0.5 - missing functions: none
symbol engine: initialized successfully - sym options: 0x614 - pdb path: .;C:\Program Files\Java\jdk-21\bin;C:\WINDOWS\SYSTEM32;C:\WINDOWS\WinSxS\amd64_microsoft.windows.common-controls_6595b64144ccf1df_6.0.26100.8115_none_3e075c82e3354f9c;C:\Program Files\Java\jdk-21\bin\server

VM Arguments:
jvm_args: -Xverify:none 
java_command: Lista2
java_class_path (initial): .
Launcher Type: SUN_STANDARD

[Global flags]
     intx CICompilerCount                          = 12                                        {product} {ergonomic}
     uint ConcGCThreads                            = 4                                         {product} {ergonomic}
     uint G1ConcRefinementThreads                  = 15                                        {product} {ergonomic}
   size_t G1HeapRegionSize                         = 2097152                                   {product} {ergonomic}
    uintx GCDrainStackTargetSize                   = 64                                        {product} {ergonomic}
   size_t InitialHeapSize                          = 264241152                                 {product} {ergonomic}
   size_t MarkStackSize                            = 4194304                                   {product} {ergonomic}
   size_t MaxHeapSize                              = 4198498304                                {product} {ergonomic}
   size_t MaxNewSize                               = 2518679552                                {product} {ergonomic}
   size_t MinHeapDeltaBytes                        = 2097152                                   {product} {ergonomic}
   size_t MinHeapSize                              = 8388608                                   {product} {ergonomic}
    uintx NonNMethodCodeHeapSize                   = 7602480                                {pd product} {ergonomic}
    uintx NonProfiledCodeHeapSize                  = 122027880                              {pd product} {ergonomic}
    uintx ProfiledCodeHeapSize                     = 122027880                              {pd product} {ergonomic}
    uintx ReservedCodeCacheSize                    = 251658240                              {pd product} {ergonomic}
     bool SegmentedCodeCache                       = true                                      {product} {ergonomic}
   size_t SoftMaxHeapSize                          = 4198498304                             {manageable} {ergonomic}
     bool UseCompressedOops                        = true                           {product lp64_product} {ergonomic}
     bool UseG1GC                                  = true                                      {product} {ergonomic}
     bool UseLargePagesIndividualAllocation        = false                                  {pd product} {ergonomic}

Logging:
Log output configuration:
 #0: stdout all=warning uptime,level,tags foldmultilines=false
 #1: stderr all=off uptime,level,tags foldmultilines=false

Environment Variables:
JAVA_HOME=C:\Program Files\Java\jdk-21
PATH=C:\Program Files\Java\jdk-21\bin;C:\oracleXE\dbhomeXE\bin;C:\Program Files\Common Files\Oracle\Java\javapath;C:\Program Files (x86)\Common Files\Oracle\Java\javapath;C:\Windows\system32;C:\Windows;C:\Windows\System32\Wbem;C:\Windows\System32\WindowsPowerShell\v1.0\;C:\Windows\System32\OpenSSH\;C:\Program Files (x86)\NVIDIA Corporation\PhysX\Common;C:\Program Files\NVIDIA Corporation\NVIDIA NvDLISR;C:\Program Files\Git\cmd;C:\Program Files\Apache Software Foundation\Tomcat 8.5\bin;C:\apache-ant-1.10.15\bin;C:\Program Files\nodejs\;C:\apache-maven-3.9.9-bin\apache-maven-3.9.9\bin;C:\WINDOWS\system32;C:\WINDOWS;C:\WINDOWS\System32\Wbem;C:\WINDOWS\System32\WindowsPowerShell\v1.0\;C:\WINDOWS\System32\OpenSSH\;C:\Program Files\Docker\Docker\resources\bin;C:\quetzal;C:\Program Files\PostgreSQL\16\bin;C:\Users\lumi-\AppData\Local\Programs\Python\Python313\Scripts\;C:\Users\lumi-\AppData\Local\Programs\Python\Python313\;C:\Users\lumi-\AppData\Local\Programs\Python\Launcher\;C:\Users\lumi-\AppData\Local\Microsoft\WindowsApps;C:\Users\lumi-\AppData\Local\Programs\Microsoft VS Code\bin;C:\apache-tomcat-8.5.51\bin;C:\Users\lumi-\AppData\Roaming\npm;C:\Program Files\JetBrains\IntelliJ IDEA Community Edition 2024.3\bin;;C:\Program Files\Java\jdk-21\bin;
USERNAME=lumi-
OS=Windows_NT
PROCESSOR_IDENTIFIER=Intel64 Family 6 Model 186 Stepping 2, GenuineIntel
TMP=C:\Users\lumi-\AppData\Local\Temp
TEMP=C:\Users\lumi-\AppData\Local\Temp




Periodic native trim disabled

---------------  S Y S T E M  ---------------

OS:
 Windows 11 , 64 bit Build 26100 (10.0.26100.8115)
OS uptime: 8 days 10:29 hours
Hyper-V role detected

CPU: total 20 (initial active 20) (10 cores per cpu, 2 threads per core) family 6 model 186 stepping 2 microcode 0x411f, cx8, cmov, fxsr, ht, mmx, 3dnowpref, sse, sse2, sse3, ssse3, sse4.1, sse4.2, popcnt, lzcnt, tsc, tscinvbit, avx, avx2, aes, erms, clmul, bmi1, bmi2, adx, sha, fma, vzeroupper, clflush, clflushopt, clwb, hv, serialize, rdtscp, rdpid, fsrm, f16c, cet_ibt, cet_ss
Processor Information for processor 0
  Max Mhz: 2600, Current Mhz: 2600, Mhz Limit: 2600
Processor Information for processor 1
  Max Mhz: 2600, Current Mhz: 1496, Mhz Limit: 2600
Processor Information for processor 2
  Max Mhz: 2600, Current Mhz: 1496, Mhz Limit: 2600
Processor Information for processor 3
  Max Mhz: 2600, Current Mhz: 1496, Mhz Limit: 2600
Processor Information for processor 4
  Max Mhz: 2600, Current Mhz: 2600, Mhz Limit: 2600
Processor Information for processor 5
  Max Mhz: 2600, Current Mhz: 2600, Mhz Limit: 2600
Processor Information for processor 6
  Max Mhz: 2600, Current Mhz: 2600, Mhz Limit: 2600
Processor Information for processor 7
  Max Mhz: 2600, Current Mhz: 1496, Mhz Limit: 2600
Processor Information for processor 8
  Max Mhz: 2600, Current Mhz: 2600, Mhz Limit: 2600
Processor Information for processor 9
  Max Mhz: 2600, Current Mhz: 1496, Mhz Limit: 2600
Processor Information for processor 10
  Max Mhz: 2600, Current Mhz: 2600, Mhz Limit: 2600
Processor Information for processor 11
  Max Mhz: 2600, Current Mhz: 1496, Mhz Limit: 2600
Processor Information for processor 12
  Max Mhz: 2600, Current Mhz: 1505, Mhz Limit: 2600
Processor Information for processor 13
  Max Mhz: 2600, Current Mhz: 1505, Mhz Limit: 2600
Processor Information for processor 14
  Max Mhz: 2600, Current Mhz: 1505, Mhz Limit: 2600
Processor Information for processor 15
  Max Mhz: 2600, Current Mhz: 1505, Mhz Limit: 2600
Processor Information for processor 16
  Max Mhz: 2600, Current Mhz: 1505, Mhz Limit: 2600
Processor Information for processor 17
  Max Mhz: 2600, Current Mhz: 1505, Mhz Limit: 2600
Processor Information for processor 18
  Max Mhz: 2600, Current Mhz: 2600, Mhz Limit: 2600
Processor Information for processor 19
  Max Mhz: 2600, Current Mhz: 2600, Mhz Limit: 2600

Memory: 4k page, system-wide physical 16010M (3521M free)
TotalPageFile size 23946M (AvailPageFile size 3589M)
current process WorkingSet (physical memory assigned to process): 38M, peak: 38M
current process commit charge ("private bytes"): 351M, peak: 351M

vm_info: Java HotSpot(TM) 64-Bit Server VM (21.0.5+9-LTS-239) for windows-amd64 JRE (21.0.5+9-LTS-239), built on 2024-09-30T05:17:38Z by "mach5one" with MS VC++ 17.6 (VS2022)

END.
